<?xml version="1.0" encoding="UTF-8"?>
<testng-results ignored="0" total="1" passed="1" failed="0" skipped="0">
  <reporter-output>
  </reporter-output>
  <suite started-at="2020-07-29T20:04:43 CEST" name="Surefire suite" finished-at="2020-07-29T20:04:44 CEST" duration-ms="27">
    <groups>
    </groups>
    <test started-at="2020-07-29T20:04:43 CEST" name="Surefire test" finished-at="2020-07-29T20:04:44 CEST" duration-ms="27">
      <class name="E2EFrameworkSample.samplePOMProject.AppTest">
        <test-method signature="shouldAnswerWithTrue()" started-at="2020-07-29T20:04:43 CEST" name="shouldAnswerWithTrue" finished-at="2020-07-29T20:04:44 CEST" duration-ms="3" status="PASS">
          <reporter-output>
          </reporter-output>
        </test-method> <!-- shouldAnswerWithTrue -->
      </class> <!-- E2EFrameworkSample.samplePOMProject.AppTest -->
    </test> <!-- Surefire test -->
  </suite> <!-- Surefire suite -->
</testng-results>
