<?xml version="1.0" encoding="UTF-8"?>
<!-- Generated by org.testng.reporters.JUnitXMLReporter -->
<testsuite ignored="0" hostname="DESKTOP-T1HO9OQ" failures="0" tests="2" name="Default test" time="8.067" errors="0" timestamp="2020-08-04T18:54:58 CEST">
  <testcase classname="E2EFrameworkSample.samplePOMProject.RestAssuredTest" name="anotherGet" time="7.75"/>
  <testcase classname="E2EFrameworkSample.samplePOMProject.RestAssuredTest" name="simpleGet" time="0.193"/>
</testsuite> <!-- Default test -->
