<?xml version="1.0" encoding="UTF-8"?>
<!-- Generated by org.testng.reporters.JUnitXMLReporter -->
<testsuite ignored="0" hostname="DESKTOP-T1HO9OQ" failures="0" tests="2" name="Default test" time="5.984" errors="0" timestamp="2020-08-05T23:24:16 CEST">
  <testcase classname="E2EFrameworkSample.samplePOMProject.RestAssuredParametrizedTest" name="examplePostUsingJsonSimpleLibrary" time="5.558"/>
  <testcase classname="E2EFrameworkSample.samplePOMProject.RestAssuredParametrizedTest" name="examplePostUsingJsonSimpleLibrary" time="0.32"/>
</testsuite> <!-- Default test -->
