<?xml version="1.0" encoding="UTF-8"?>
<!-- Generated by org.testng.reporters.JUnitXMLReporter -->
<testsuite ignored="0" hostname="DESKTOP-T1HO9OQ" failures="1" tests="1" name="Test2" time="13.543" errors="0" timestamp="2020-07-29T23:21:20 CEST">
  <testcase classname="E2EFrameworkSample.samplePOMProject.HomePageTitleTest" name="getTitle" time="0.046">
    <failure type="junit.framework.ComparisonFailure" message="expected:&amp;lt;..., Books, DVDs &amp;amp; more[]&amp;gt; but was:&amp;lt;..., Books, DVDs &amp;amp; more[00]&amp;gt;">
      <![CDATA[junit.framework.ComparisonFailure: expected:<..., Books, DVDs & more[]> but was:<..., Books, DVDs & more[00]>
at junit.framework.Assert.assertEquals(Assert.java:100)
at junit.framework.Assert.assertEquals(Assert.java:107)
at E2EFrameworkSample.samplePOMProject.HomePageTitleTest.getTitle(HomePageTitleTest.java:34)
at java.base/java.util.ArrayList.forEach(ArrayList.java:1540)
at java.base/java.util.concurrent.FutureTask.run(FutureTask.java:264)
at java.base/java.util.concurrent.ThreadPoolExecutor.runWorker(ThreadPoolExecutor.java:1128)
at java.base/java.util.concurrent.ThreadPoolExecutor$Worker.run(ThreadPoolExecutor.java:628)
at java.base/java.lang.Thread.run(Thread.java:834)
... Removed 18 stack frames]]>
    </failure>
  </testcase> <!-- getTitle -->
</testsuite> <!-- Test2 -->
