<?xml version="1.0" encoding="UTF-8"?>
<!-- Generated by org.testng.reporters.JUnitXMLReporter -->
<testsuite ignored="0" hostname="DESKTOP-T1HO9OQ" failures="0" tests="2" name="Test4" time="101.804" errors="0" timestamp="2020-08-04T13:41:49 CEST">
  <testcase classname="E2EFrameworkSample.samplePOMProject.SearchWithResultsTest" name="successfullSearch" time="28.832"/>
  <testcase classname="E2EFrameworkSample.samplePOMProject.AddToCartRandomItemsTest" name="addToCart" time="23.899"/>
</testsuite> <!-- Test4 -->
