<?xml version="1.0" encoding="UTF-8"?>
<!-- Generated by org.testng.reporters.JUnitXMLReporter -->
<testsuite ignored="0" hostname="DESKTOP-T1HO9OQ" failures="0" tests="2" name="Test1" time="30.747" errors="0" timestamp="2020-07-30T13:04:30 CEST">
  <testcase classname="E2EFrameworkSample.samplePOMProject.SearchTest" name="successfullSearch" time="9.723"/>
  <testcase classname="E2EFrameworkSample.samplePOMProject.SearchTest" name="unsuccessfullSearch" time="1.901"/>
</testsuite> <!-- Test1 -->
