<?xml version="1.0" encoding="UTF-8"?>
<!-- Generated by org.testng.reporters.JUnitXMLReporter -->
<testsuite ignored="0" hostname="DESKTOP-T1HO9OQ" failures="0" tests="3" name="Test6 rest assured" time="3.467" errors="0" timestamp="2020-09-06T21:01:17 CEST">
  <testcase classname="E2EFrameworkSample.samplePOMProject.RestAssuredTest" name="simpleGet" time="2.63"/>
  <testcase classname="E2EFrameworkSample.samplePOMProject.RestAssuredParametrizedTest" name="examplePostUsingJsonSimpleLibrary" time="0.516"/>
  <testcase classname="E2EFrameworkSample.samplePOMProject.RestAssuredParametrizedTest" name="examplePostUsingJsonSimpleLibrary" time="0.315"/>
</testsuite> <!-- Test6 rest assured -->
