<?xml version="1.0" encoding="UTF-8"?>
<!-- Generated by org.testng.reporters.JUnitXMLReporter -->
<testsuite ignored="0" hostname="DESKTOP-T1HO9OQ" failures="0" tests="2" name="Test1" time="28.026" errors="0" timestamp="2020-07-29T23:21:34 CEST">
  <testcase classname="E2EFrameworkSample.samplePOMProject.SearchTest" name="successfullSearch" time="2.817"/>
  <testcase classname="E2EFrameworkSample.samplePOMProject.SearchTest" name="unsuccessfullSearch" time="1.883"/>
</testsuite> <!-- Test1 -->
