<?xml version="1.0" encoding="UTF-8"?>
<testng-results ignored="0" total="2" passed="2" failed="0" skipped="0">
  <reporter-output>
  </reporter-output>
  <suite started-at="2020-07-29T20:04:19 CEST" name="Surefire suite" finished-at="2020-07-29T20:04:43 CEST" duration-ms="24295">
    <groups>
    </groups>
    <test started-at="2020-07-29T20:04:19 CEST" name="Surefire test" finished-at="2020-07-29T20:04:43 CEST" duration-ms="24295">
      <class name="E2EFrameworkSample.samplePOMProject.SearchTest">
        <test-method is-config="true" signature="setUp()[pri:0, instance:E2EFrameworkSample.samplePOMProject.SearchTest@73194df]" started-at="2020-07-29T20:04:19 CEST" name="setUp" finished-at="2020-07-29T20:04:26 CEST" duration-ms="7384" status="PASS">
          <reporter-output>
          </reporter-output>
        </test-method> <!-- setUp -->
        <test-method signature="successfullSearch()[pri:0, instance:E2EFrameworkSample.samplePOMProject.SearchTest@73194df]" started-at="2020-07-29T20:04:26 CEST" name="successfullSearch" finished-at="2020-07-29T20:04:27 CEST" duration-ms="700" status="PASS">
          <reporter-output>
          </reporter-output>
        </test-method> <!-- successfullSearch -->
        <test-method is-config="true" signature="tearDown()[pri:0, instance:E2EFrameworkSample.samplePOMProject.SearchTest@73194df]" started-at="2020-07-29T20:04:27 CEST" name="tearDown" finished-at="2020-07-29T20:04:32 CEST" duration-ms="4330" status="PASS">
          <reporter-output>
          </reporter-output>
        </test-method> <!-- tearDown -->
        <test-method is-config="true" signature="setUp()[pri:0, instance:E2EFrameworkSample.samplePOMProject.SearchTest@73194df]" started-at="2020-07-29T20:04:32 CEST" name="setUp" finished-at="2020-07-29T20:04:38 CEST" duration-ms="6840" status="PASS">
          <reporter-output>
          </reporter-output>
        </test-method> <!-- setUp -->
        <test-method signature="unsuccessfullSearch()[pri:0, instance:E2EFrameworkSample.samplePOMProject.SearchTest@73194df]" started-at="2020-07-29T20:04:38 CEST" name="unsuccessfullSearch" finished-at="2020-07-29T20:04:39 CEST" duration-ms="682" status="PASS">
          <reporter-output>
          </reporter-output>
        </test-method> <!-- unsuccessfullSearch -->
        <test-method is-config="true" signature="tearDown()[pri:0, instance:E2EFrameworkSample.samplePOMProject.SearchTest@73194df]" started-at="2020-07-29T20:04:39 CEST" name="tearDown" finished-at="2020-07-29T20:04:43 CEST" duration-ms="4329" status="PASS">
          <reporter-output>
          </reporter-output>
        </test-method> <!-- tearDown -->
      </class> <!-- E2EFrameworkSample.samplePOMProject.SearchTest -->
    </test> <!-- Surefire test -->
  </suite> <!-- Surefire suite -->
</testng-results>
