<?xml version="1.0" encoding="UTF-8"?>
<!-- Generated by org.testng.reporters.JUnitXMLReporter -->
<testsuite ignored="0" hostname="DESKTOP-T1HO9OQ" failures="1" tests="1" name="Test2" time="12.226" errors="0" timestamp="2020-07-29T23:09:50 CEST">
  <testcase classname="E2EFrameworkSample.samplePOMProject.HomePageTitleTest" name="getTitle" time="0.035">
    <failure type="junit.framework.ComparisonFailure" message="expected:&amp;lt;..., Books, DVDs &amp;amp; more[]&amp;gt; but was:&amp;lt;..., Books, DVDs &amp;amp; more[SSS]&amp;gt;">
      <![CDATA[junit.framework.ComparisonFailure: expected:<..., Books, DVDs & more[]> but was:<..., Books, DVDs & more[SSS]>
at junit.framework.Assert.assertEquals(Assert.java:100)
at junit.framework.Assert.assertEquals(Assert.java:107)
at E2EFrameworkSample.samplePOMProject.HomePageTitleTest.getTitle(HomePageTitleTest.java:34)
at java.base/java.util.ArrayList.forEach(ArrayList.java:1540)
... Removed 31 stack frames]]>
    </failure>
  </testcase> <!-- getTitle -->
</testsuite> <!-- Test2 -->
