<?xml version="1.0" encoding="UTF-8"?>
<!-- Generated by org.testng.reporters.JUnitXMLReporter -->
<testsuite ignored="0" hostname="DESKTOP-T1HO9OQ" failures="0" tests="6" name="Test5" time="33.303" errors="0" timestamp="2020-08-07T20:08:18 CEST">
  <testcase classname="E2EFrameworkSample.samplePOMProject.HomePageTitleTest" name="getTitle" time="0.235"/>
  <testcase classname="E2EFrameworkSample.samplePOMProject.SearchWithNoResultsTest" name="unsuccessfullSearch" time="11.884"/>
  <testcase classname="E2EFrameworkSample.samplePOMProject.LoginTest" name="login" time="16.191"/>
  <testcase classname="E2EFrameworkSample.samplePOMProject.LoginTest" name="login" time="11.495"/>
  <testcase classname="E2EFrameworkSample.samplePOMProject.LoginTest" name="login" time="8.399"/>
  <testcase classname="E2EFrameworkSample.samplePOMProject.AddToListTest" name="addToList" time="19.807"/>
</testsuite> <!-- Test5 -->
