<?xml version="1.0" encoding="UTF-8"?>
<!-- Generated by org.testng.reporters.JUnitXMLReporter -->
<testsuite ignored="0" hostname="DESKTOP-T1HO9OQ" failures="0" tests="4" name="Test3" time="32.092" errors="0" timestamp="2020-08-07T20:08:17 CEST">
  <testcase classname="E2EFrameworkSample.samplePOMProject.HomePageTitleTest" name="getTitle" time="0.235"/>
  <testcase classname="E2EFrameworkSample.samplePOMProject.SearchWithNoResultsTest" name="unsuccessfullSearch" time="11.884"/>
  <testcase classname="E2EFrameworkSample.samplePOMProject.LoginTest" name="login" time="11.495"/>
  <testcase classname="E2EFrameworkSample.samplePOMProject.AddToListTest" name="addToList" time="19.807"/>
</testsuite> <!-- Test3 -->
