<?xml version="1.0" encoding="UTF-8"?>
<!-- Generated by org.testng.reporters.JUnitXMLReporter -->
<testsuite ignored="0" hostname="DESKTOP-T1HO9OQ" failures="0" tests="2" name="Test2" time="22.513" errors="0" timestamp="2020-07-30T15:07:04 CEST">
  <testcase classname="E2EFrameworkSample.samplePOMProject.HomePageTitleTest" name="getTitle" time="0.419"/>
  <testcase classname="E2EFrameworkSample.samplePOMProject.SearchWithNoResultsTest" name="unsuccessfullSearch" time="6.472"/>
</testsuite> <!-- Test2 -->
