<?xml version="1.0" encoding="UTF-8"?>
<!-- Generated by org.testng.reporters.JUnitXMLReporter -->
<testsuite ignored="0" hostname="DESKTOP-T1HO9OQ" failures="0" tests="5" name="Test4" time="26.81" errors="0" timestamp="2020-07-30T15:07:09 CEST">
  <testcase classname="E2EFrameworkSample.samplePOMProject.HomePageTitleTest" name="getTitle" time="0.419"/>
  <testcase classname="E2EFrameworkSample.samplePOMProject.SearchWithNoResultsTest" name="unsuccessfullSearch" time="6.472"/>
  <testcase classname="E2EFrameworkSample.samplePOMProject.LoginTest" name="login" time="9.091"/>
  <testcase classname="E2EFrameworkSample.samplePOMProject.SearchWithResultsTest" name="successfullSearch" time="10.43"/>
  <testcase classname="E2EFrameworkSample.samplePOMProject.AddToListTest" name="addToList" time="11.555"/>
</testsuite> <!-- Test4 -->
