<?xml version="1.0" encoding="UTF-8"?>
<testsuite xmlns:xsi="http://www.w3.org/2001/XMLSchema-instance" xsi:noNamespaceSchemaLocation="https://maven.apache.org/surefire/maven-surefire-plugin/xsd/surefire-test-report.xsd" name="TestSuite" time="39.605" tests="3" errors="0" skipped="0" failures="1">
  <properties>
[...]
</properties>
  <testcase name="successfullSearch" classname="E2EFrameworkSample.samplePOMProject.SearchTest" time="1.945"/>
  <testcase name="unsuccessfullSearch" classname="E2EFrameworkSample.samplePOMProject.SearchTest" time="1.754"/>
  <testcase name="getTitle" classname="E2EFrameworkSample.samplePOMProject.HomePageTitleTest" time="0.73">
    <failure message="expected:&lt;..., Books, DVDs &amp; more[]&gt; but was:&lt;..., Books, DVDs &amp; more[SSS]&gt;" type="junit.framework.ComparisonFailure"><![CDATA[junit.framework.ComparisonFailure: expected:<..., Books, DVDs & more[]> but was:<..., Books, DVDs & more[SSS]>
	at E2EFrameworkSample.samplePOMProject.HomePageTitleTest.getTitle(HomePageTitleTest.java:34)
]]></failure>
    <system-out><![CDATA[chrome
Amazon.com: Online Shopping for Electronics, Apparel, Computers, Books, DVDs & more
]]></system-out>
    <system-err><![CDATA[Starting ChromeDriver 83.0.4103.39 (ccbf011cb2d2b19b506d844400483861342c20cd-refs/branch-heads/4103@{#416}) on port 39280
Only local connections are allowed.
Please see https://chromedriver.chromium.org/security-considerations for suggestions on keeping ChromeDriver safe.
ChromeDriver was started successfully.
[1596056979.229][WARNING]: This version of ChromeDriver has not been tested with Chrome version 84.
lip 29, 2020 11:09:41 PM org.openqa.selenium.remote.ProtocolHandshake createSession
INFO: Detected dialect: W3C
]]></system-err>
  </testcase>
</testsuite>