<?xml version="1.0" encoding="UTF-8"?>
<testng-results ignored="0" total="1" passed="1" failed="0" skipped="0">
  <reporter-output>
  </reporter-output>
  <suite started-at="2020-07-30T15:06:42 CEST" name="Suite" finished-at="2020-07-30T15:07:09 CEST" duration-ms="26810">
    <groups>
    </groups>
    <test started-at="2020-07-30T15:06:42 CEST" name="Test4" finished-at="2020-07-30T15:07:09 CEST" duration-ms="26810">
      <class name="E2EFrameworkSample.samplePOMProject.SearchWithResultsTest">
        <test-method is-config="true" signature="setUp()[pri:0, instance:E2EFrameworkSample.samplePOMProject.SearchWithResultsTest@18025ced]" started-at="2020-07-30T15:06:42 CEST" name="setUp" finished-at="2020-07-30T15:06:54 CEST" duration-ms="12031" status="PASS">
          <reporter-output>
          </reporter-output>
        </test-method> <!-- setUp -->
        <test-method signature="successfullSearch()[pri:0, instance:E2EFrameworkSample.samplePOMProject.SearchWithResultsTest@18025ced]" started-at="2020-07-30T15:06:54 CEST" name="successfullSearch" finished-at="2020-07-30T15:07:04 CEST" duration-ms="10430" status="PASS">
          <reporter-output>
          </reporter-output>
        </test-method> <!-- successfullSearch -->
        <test-method is-config="true" signature="tearDown()[pri:0, instance:E2EFrameworkSample.samplePOMProject.SearchWithResultsTest@18025ced]" started-at="2020-07-30T15:07:04 CEST" name="tearDown" finished-at="2020-07-30T15:07:09 CEST" duration-ms="4340" status="PASS">
          <reporter-output>
          </reporter-output>
        </test-method> <!-- tearDown -->
      </class> <!-- E2EFrameworkSample.samplePOMProject.SearchWithResultsTest -->
    </test> <!-- Test4 -->
  </suite> <!-- Suite -->
</testng-results>
