<?xml version="1.0" encoding="UTF-8"?>
<testng-results ignored="0" total="3" passed="2" failed="1" skipped="0">
  <reporter-output>
  </reporter-output>
  <suite started-at="2020-07-29T23:09:11 CEST" name="Suite" finished-at="2020-07-29T23:09:50 CEST" duration-ms="38623">
    <groups>
    </groups>
    <test started-at="2020-07-29T23:09:11 CEST" name="Test1" finished-at="2020-07-29T23:09:37 CEST" duration-ms="26148">
      <class name="E2EFrameworkSample.samplePOMProject.SearchTest">
        <test-method is-config="true" signature="setUp()[pri:0, instance:E2EFrameworkSample.samplePOMProject.SearchTest@31e3250d]" started-at="2020-07-29T23:09:11 CEST" name="setUp" finished-at="2020-07-29T23:09:18 CEST" duration-ms="7098" status="PASS">
          <reporter-output>
          </reporter-output>
        </test-method> <!-- setUp -->
        <test-method signature="successfullSearch()[pri:0, instance:E2EFrameworkSample.samplePOMProject.SearchTest@31e3250d]" started-at="2020-07-29T23:09:18 CEST" name="successfullSearch" finished-at="2020-07-29T23:09:20 CEST" duration-ms="1946" status="PASS">
          <reporter-output>
          </reporter-output>
        </test-method> <!-- successfullSearch -->
        <test-method is-config="true" signature="tearDown()[pri:0, instance:E2EFrameworkSample.samplePOMProject.SearchTest@31e3250d]" started-at="2020-07-29T23:09:20 CEST" name="tearDown" finished-at="2020-07-29T23:09:25 CEST" duration-ms="4331" status="PASS">
          <reporter-output>
          </reporter-output>
        </test-method> <!-- tearDown -->
        <test-method is-config="true" signature="setUp()[pri:0, instance:E2EFrameworkSample.samplePOMProject.SearchTest@31e3250d]" started-at="2020-07-29T23:09:25 CEST" name="setUp" finished-at="2020-07-29T23:09:31 CEST" duration-ms="6665" status="PASS">
          <reporter-output>
          </reporter-output>
        </test-method> <!-- setUp -->
        <test-method signature="unsuccessfullSearch()[pri:0, instance:E2EFrameworkSample.samplePOMProject.SearchTest@31e3250d]" started-at="2020-07-29T23:09:31 CEST" name="unsuccessfullSearch" finished-at="2020-07-29T23:09:33 CEST" duration-ms="1753" status="PASS">
          <reporter-output>
          </reporter-output>
        </test-method> <!-- unsuccessfullSearch -->
        <test-method is-config="true" signature="tearDown()[pri:0, instance:E2EFrameworkSample.samplePOMProject.SearchTest@31e3250d]" started-at="2020-07-29T23:09:33 CEST" name="tearDown" finished-at="2020-07-29T23:09:37 CEST" duration-ms="4327" status="PASS">
          <reporter-output>
          </reporter-output>
        </test-method> <!-- tearDown -->
      </class> <!-- E2EFrameworkSample.samplePOMProject.SearchTest -->
    </test> <!-- Test1 -->
    <test started-at="2020-07-29T23:09:38 CEST" name="Test2" finished-at="2020-07-29T23:09:50 CEST" duration-ms="12226">
      <class name="E2EFrameworkSample.samplePOMProject.HomePageTitleTest">
        <test-method is-config="true" signature="setUp()[pri:0, instance:E2EFrameworkSample.samplePOMProject.HomePageTitleTest@6d366c9b]" started-at="2020-07-29T23:09:38 CEST" name="setUp" finished-at="2020-07-29T23:09:45 CEST" duration-ms="7172" status="PASS">
          <reporter-output>
          </reporter-output>
        </test-method> <!-- setUp -->
        <test-method signature="getTitle()[pri:0, instance:E2EFrameworkSample.samplePOMProject.HomePageTitleTest@6d366c9b]" started-at="2020-07-29T23:09:45 CEST" name="getTitle" finished-at="2020-07-29T23:09:45 CEST" duration-ms="35" status="FAIL">
          <exception class="junit.framework.ComparisonFailure">
            <message>
              <![CDATA[expected:<..., Books, DVDs & more[]> but was:<..., Books, DVDs & more[SSS]>]]>
            </message>
            <full-stacktrace>
              <![CDATA[junit.framework.ComparisonFailure: expected:<..., Books, DVDs & more[]> but was:<..., Books, DVDs & more[SSS]>
at junit.framework.Assert.assertEquals(Assert.java:100)
at junit.framework.Assert.assertEquals(Assert.java:107)
at E2EFrameworkSample.samplePOMProject.HomePageTitleTest.getTitle(HomePageTitleTest.java:34)
at java.base/jdk.internal.reflect.NativeMethodAccessorImpl.invoke0(Native Method)
at java.base/jdk.internal.reflect.NativeMethodAccessorImpl.invoke(NativeMethodAccessorImpl.java:62)
at java.base/jdk.internal.reflect.DelegatingMethodAccessorImpl.invoke(DelegatingMethodAccessorImpl.java:43)
at java.base/java.lang.reflect.Method.invoke(Method.java:566)
at org.testng.internal.MethodInvocationHelper.invokeMethod(MethodInvocationHelper.java:134)
at org.testng.internal.TestInvoker.invokeMethod(TestInvoker.java:597)
at org.testng.internal.TestInvoker.invokeTestMethod(TestInvoker.java:173)
at org.testng.internal.MethodRunner.runInSequence(MethodRunner.java:46)
at org.testng.internal.TestInvoker$MethodInvocationAgent.invoke(TestInvoker.java:816)
at org.testng.internal.TestInvoker.invokeTestMethods(TestInvoker.java:146)
at org.testng.internal.TestMethodWorker.invokeTestMethods(TestMethodWorker.java:146)
at org.testng.internal.TestMethodWorker.run(TestMethodWorker.java:128)
at java.base/java.util.ArrayList.forEach(ArrayList.java:1540)
at org.testng.TestRunner.privateRun(TestRunner.java:766)
at org.testng.TestRunner.run(TestRunner.java:587)
at org.testng.SuiteRunner.runTest(SuiteRunner.java:384)
at org.testng.SuiteRunner.runSequentially(SuiteRunner.java:378)
at org.testng.SuiteRunner.privateRun(SuiteRunner.java:337)
at org.testng.SuiteRunner.run(SuiteRunner.java:286)
at org.testng.SuiteRunnerWorker.runSuite(SuiteRunnerWorker.java:53)
at org.testng.SuiteRunnerWorker.run(SuiteRunnerWorker.java:96)
at org.testng.TestNG.runSuitesSequentially(TestNG.java:1187)
at org.testng.TestNG.runSuitesLocally(TestNG.java:1109)
at org.testng.TestNG.runSuites(TestNG.java:1039)
at org.testng.TestNG.run(TestNG.java:1007)
at org.apache.maven.surefire.testng.TestNGExecutor.run(TestNGExecutor.java:283)
at org.apache.maven.surefire.testng.TestNGXmlTestSuite.execute(TestNGXmlTestSuite.java:75)
at org.apache.maven.surefire.testng.TestNGProvider.invoke(TestNGProvider.java:120)
at org.apache.maven.surefire.booter.ForkedBooter.invokeProviderInSameClassLoader(ForkedBooter.java:384)
at org.apache.maven.surefire.booter.ForkedBooter.runSuitesInProcess(ForkedBooter.java:345)
at org.apache.maven.surefire.booter.ForkedBooter.execute(ForkedBooter.java:126)
at org.apache.maven.surefire.booter.ForkedBooter.main(ForkedBooter.java:418)
]]>
            </full-stacktrace>
          </exception> <!-- junit.framework.ComparisonFailure -->
          <reporter-output>
          </reporter-output>
        </test-method> <!-- getTitle -->
        <test-method is-config="true" signature="tearDown()[pri:0, instance:E2EFrameworkSample.samplePOMProject.HomePageTitleTest@6d366c9b]" started-at="2020-07-29T23:09:45 CEST" name="tearDown" finished-at="2020-07-29T23:09:50 CEST" duration-ms="4324" status="PASS">
          <reporter-output>
          </reporter-output>
        </test-method> <!-- tearDown -->
      </class> <!-- E2EFrameworkSample.samplePOMProject.HomePageTitleTest -->
    </test> <!-- Test2 -->
  </suite> <!-- Suite -->
</testng-results>
