<?xml version="1.0" encoding="UTF-8"?>
<testng-results ignored="0" total="2" passed="2" failed="0" skipped="0">
  <reporter-output>
  </reporter-output>
  <suite started-at="2020-08-04T18:54:50 CEST" name="Default suite" finished-at="2020-08-04T18:54:58 CEST" duration-ms="8067">
    <groups>
    </groups>
    <test started-at="2020-08-04T18:54:50 CEST" name="Default test" finished-at="2020-08-04T18:54:58 CEST" duration-ms="8067">
      <class name="E2EFrameworkSample.samplePOMProject.RestAssuredTest">
        <test-method signature="anotherGet()[pri:0, instance:E2EFrameworkSample.samplePOMProject.RestAssuredTest@12bfd80d]" started-at="2020-08-04T18:54:50 CEST" name="anotherGet" finished-at="2020-08-04T18:54:58 CEST" duration-ms="7750" status="PASS">
          <reporter-output>
          </reporter-output>
        </test-method> <!-- anotherGet -->
        <test-method signature="simpleGet()[pri:0, instance:E2EFrameworkSample.samplePOMProject.RestAssuredTest@12bfd80d]" started-at="2020-08-04T18:54:58 CEST" name="simpleGet" finished-at="2020-08-04T18:54:58 CEST" duration-ms="193" status="PASS">
          <reporter-output>
          </reporter-output>
        </test-method> <!-- simpleGet -->
      </class> <!-- E2EFrameworkSample.samplePOMProject.RestAssuredTest -->
    </test> <!-- Default test -->
  </suite> <!-- Default suite -->
</testng-results>
